  p1211.c
  p1221.c
  p1231.c
C:\workspace\C_project\Craftsman_Information_Processing\d01\d1p1\d1p1\p1231.c(7,6): warning C4101: 'kim' :참조되지 않은 지역 변수입니다.
C:\workspace\C_project\Craftsman_Information_Processing\d01\d1p1\d1p1\p1231.c(4,6): warning C4101: 'abc_1' :참조되지 않은 지역 변수입니다.
C:\workspace\C_project\Craftsman_Information_Processing\d01\d1p1\d1p1\p1231.c(6,6): warning C4101: 'Kim' :참조되지 않은 지역 변수입니다.
  p1241.c
  p1251.c
C:\workspace\C_project\Craftsman_Information_Processing\d01\d1p1\d1p1\p1251.c(11,8): warning C4477: 'scanf' : 서식 문자열 '%f'에 'float *' 형식의 인수가 필요하지만 variadic 인수 1의 형식이 'char *'입니다.
  p1261.c
  p1281.c
  p1291.c
  p1311.c
  p1312.c
  p1321.c
  p1331.c
  p1341.c
  p1342.c
  p1343.c
  p1351.c
  p1352.c
  p1353.c
  p1361.c
  p1381.c
  코드를 생성하고 있습니다...
  컴파일하고 있습니다...
  p1391.c
  p1401.c
  p1421.c
  p1431.c
  p1441.c
  p1451.c
  p1461.c
  p1471.c
  p1481.c
  p1482.c
  p1501.c
  p1541.c
  p1551.c
  p1561.c
  p1562.c
  p1571.c
  p1592.c
  코드를 생성하고 있습니다...
  d1p1.vcxproj -> C:\workspace\C_project\Craftsman_Information_Processing\d01\d1p1\Debug\d1p1.exe
